\BOOKMARK [0][-]{chapter.1}{\376\377\116\214\176\364\126\376\137\142}{}% 1
\BOOKMARK [1][-]{section.1.1}{\376\377\230\234\202\162}{chapter.1}% 2
\BOOKMARK [2][-]{subsection.1.1.1}{\376\377\230\234\202\162\166\204\162\151\164\006\116\016\141\037\167\345}{section.1.1}% 3
\BOOKMARK [2][-]{subsection.1.1.2}{\376\377\230\234\202\162\166\204\171\273\145\143\210\150\171\072}{section.1.1}% 4
\BOOKMARK [1][-]{section.1.2}{\376\377\146\076\171\072}{chapter.1}% 5
\BOOKMARK [2][-]{subsection.1.2.1}{\376\377\116\214\176\364\146\076\171\072\142\200\147\057}{section.1.2}% 6
\BOOKMARK [2][-]{subsection.1.2.2}{\376\377\116\011\176\364\146\076\171\072\142\200\147\057}{section.1.2}% 7
\BOOKMARK [1][-]{section.1.3}{\376\377\176\330\126\376}{chapter.1}% 8
\BOOKMARK [2][-]{subsection.1.3.1}{\376\377\121\111\150\005\123\026\124\214\166\364\176\277\176\330\122\066}{section.1.3}% 9
\BOOKMARK [2][-]{subsection.1.3.2}{\376\377\131\032\217\271\137\142\130\153\121\105}{section.1.3}% 10
\BOOKMARK [1][-]{section.1.4}{\376\377\146\362\176\277}{chapter.1}% 11
\BOOKMARK [2][-]{subsection.1.4.1}{\376\377\146\362\176\277\145\160\133\146\127\372\170\100}{section.1.4}% 12
\BOOKMARK [2][-]{subsection.1.4.2}{\376\377\000B\000e\000z\000i\000e\000r\146\362\176\277}{section.1.4}% 13
\BOOKMARK [2][-]{subsection.1.4.3}{\376\377\150\067\147\141\146\362\176\277}{section.1.4}% 14
\BOOKMARK [2][-]{subsection.1.4.4}{\376\377\146\362\176\277\121\111\150\005\123\026}{section.1.4}% 15
\BOOKMARK [1][-]{section.1.5}{\376\377\126\376\120\317\131\004\164\006}{chapter.1}% 16
\BOOKMARK [2][-]{subsection.1.5.1}{\376\377\126\376\120\317\166\204\210\150\171\072\145\271\154\325}{section.1.5}% 17
\BOOKMARK [2][-]{subsection.1.5.2}{\376\377\000F\000o\000u\000r\000i\000e\000r\123\330\143\142\116\016\126\376\120\317\166\204\230\221\214\061}{section.1.5}% 18
\BOOKMARK [2][-]{subsection.1.5.3}{\376\377\126\376\120\317\156\344\154\342}{section.1.5}% 19
\BOOKMARK [2][-]{subsection.1.5.4}{\376\377\126\376\120\317\210\145\121\150\116\016\207\215\124\010}{section.1.5}% 20
\BOOKMARK [2][-]{subsection.1.5.5}{\376\377\126\376\120\317\122\006\122\162}{section.1.5}% 21
\BOOKMARK [2][-]{subsection.1.5.6}{\376\377\126\376\120\317\142\226\122\250}{section.1.5}% 22
\BOOKMARK [0][-]{chapter.2}{\376\377\121\340\117\125\136\372\152\041}{}% 23
\BOOKMARK [1][-]{section.2.1}{\376\377\121\340\117\125\210\150\171\072}{chapter.2}% 24
\BOOKMARK [2][-]{subsection.2.1.1}{\376\377\121\340\117\125\137\142\162\266\166\204\210\150\171\072\145\271\154\325}{section.2.1}% 25
\BOOKMARK [2][-]{subsection.2.1.2}{\376\377\177\121\150\074\210\150\171\072}{section.2.1}% 26
\BOOKMARK [2][-]{subsection.2.1.3}{\376\377\177\121\150\074\176\306\122\006}{section.2.1}% 27
\BOOKMARK [2][-]{subsection.2.1.4}{\376\377\177\121\150\074\123\302\145\160\123\026}{section.2.1}% 28
\BOOKMARK [1][-]{section.2.2}{\376\377\121\340\117\125\131\004\164\006}{chapter.2}% 29
\BOOKMARK [2][-]{subsection.2.2.1}{\376\377\171\273\145\143\137\256\122\006\121\340\117\125}{section.2.2}% 30
\BOOKMARK [2][-]{subsection.2.2.2}{\376\377\177\121\150\074\136\163\156\321}{section.2.2}% 31
\BOOKMARK [2][-]{subsection.2.2.3}{\376\377\177\121\150\074\177\026\217\221}{section.2.2}% 32
\BOOKMARK [2][-]{subsection.2.2.4}{\376\377\177\121\150\074\173\200\123\026}{section.2.2}% 33
\BOOKMARK [1][-]{section.2.3}{\376\377\121\340\117\125\221\315\136\372}{chapter.2}% 34
\BOOKMARK [2][-]{subsection.2.3.1}{\376\377\121\340\117\125\221\315\136\372\151\202\217\360}{section.2.3}% 35
\BOOKMARK [2][-]{subsection.2.3.2}{\376\377\160\271\116\221\166\204\221\115\121\306\000/\154\350\121\214}{section.2.3}% 36
\BOOKMARK [2][-]{subsection.2.3.3}{\376\377\160\271\116\221\166\204\210\150\227\142\221\315\136\372}{section.2.3}% 37
\BOOKMARK [2][-]{subsection.2.3.4}{\376\377\226\220\137\017\210\150\227\142\221\315\136\372\040\024\040\024\000M\000a\000r\000c\000h\000i\000n\000g\000\040\000C\000u\000b\000e\000s\173\227\154\325}{section.2.3}% 38
\BOOKMARK [2][-]{subsection.2.3.5}{\376\377\160\271\116\221\166\204\152\041\127\213\142\337\124\010}{section.2.3}% 39
\BOOKMARK [1][-]{section.2.4}{\376\377\121\340\117\125\123\330\143\142}{chapter.2}% 40
\BOOKMARK [2][-]{subsection.2.4.1}{\376\377\121\340\117\125\123\330\143\142\127\372\170\100}{section.2.4}% 41
\BOOKMARK [2][-]{subsection.2.4.2}{\376\377\237\120\153\041\127\120\150\007\174\373\123\312\121\166\116\055\166\204\121\340\117\125\123\330\143\142}{section.2.4}% 42
\BOOKMARK [2][-]{subsection.2.4.3}{\376\377\121\340\117\125\123\330\143\142\127\050\152\041\127\213\156\062\147\323\116\055\166\204\136\224\165\050}{section.2.4}% 43
\BOOKMARK [0][-]{chapter.3}{\376\377\156\062\147\323}{}% 44
\BOOKMARK [1][-]{section.3.1}{\376\377\121\111\161\147\116\016\167\100\202\162}{chapter.3}% 45
\BOOKMARK [2][-]{subsection.3.1.1}{\376\377\147\120\215\050\116\016\167\100\202\162}{section.3.1}% 46
\BOOKMARK [2][-]{subsection.3.1.2}{\376\377\121\111\161\147}{section.3.1}% 47
\BOOKMARK [2][-]{subsection.3.1.3}{\376\377\156\062\147\323\166\204\121\111\150\005\123\026}{section.3.1}% 48
\BOOKMARK [2][-]{subsection.3.1.4}{\376\377\230\316\150\074\123\026\156\062\147\323}{section.3.1}% 49
\BOOKMARK [1][-]{section.3.2}{\376\377\126\376\137\142\173\241\176\277}{chapter.3}% 50
\BOOKMARK [2][-]{subsection.3.2.1}{\376\377\156\062\147\323\173\241\176\277\166\204\116\000\202\054\217\307\172\013}{section.3.2}% 51
\BOOKMARK [2][-]{subsection.3.2.2}{\376\377\126\376\137\142\000A\000P\000I}{section.3.2}% 52
\BOOKMARK [1][-]{section.3.3}{\376\377\176\271\164\006\146\040\134\004}{chapter.3}% 53
\BOOKMARK [2][-]{subsection.3.3.1}{\376\377\176\271\164\006\146\040\134\004}{section.3.3}% 54
\BOOKMARK [2][-]{subsection.3.3.2}{\376\377\176\271\164\006\127\120\150\007\143\322\120\074}{section.3.3}% 55
\BOOKMARK [2][-]{subsection.3.3.3}{\376\377\176\271\164\006\123\315\215\160\150\067}{section.3.3}% 56
\BOOKMARK [2][-]{subsection.3.3.4}{\376\377\176\271\164\006\136\224\165\050}{section.3.3}% 57
\BOOKMARK [1][-]{section.3.4}{\376\377\121\150\134\100\121\111\161\147}{chapter.3}% 58
\BOOKMARK [2][-]{subsection.3.4.1}{\376\377\121\111\176\277\142\225\134\004\116\016\121\111\176\277\217\375\216\052}{section.3.4}% 59
\BOOKMARK [2][-]{subsection.3.4.2}{\376\377\121\111\176\277\154\102\116\244}{section.3.4}% 60
\BOOKMARK [2][-]{subsection.3.4.3}{\376\377\172\172\225\364\122\240\220\037\176\323\147\204}{section.3.4}% 61
\BOOKMARK [1][-]{section.3.5}{\376\377\232\330\176\247\156\062\147\323}{chapter.3}% 62
\BOOKMARK [2][-]{subsection.3.5.1}{\376\377\217\220\134\004\136\246\221\317\133\146}{section.3.5}% 63
\BOOKMARK [2][-]{subsection.3.5.2}{\376\377\123\315\134\004\116\016\142\230\134\004\152\041\127\213}{section.3.5}% 64
\BOOKMARK [2][-]{subsection.3.5.3}{\376\377\156\062\147\323\145\271\172\013}{section.3.5}% 65
\BOOKMARK [2][-]{subsection.3.5.4}{\376\377\204\231\162\171\123\141\155\033\171\357\122\006}{section.3.5}% 66
\BOOKMARK [0][-]{chapter.4}{\376\377\116\377\167\037}{}% 67
\BOOKMARK [1][-]{section.4.1}{\376\377\162\151\164\006\152\041\142\337}{chapter.4}% 68
\BOOKMARK [1][-]{section.4.2}{\376\377\137\071\174\047\215\050\160\271\152\041\127\213}{chapter.4}% 69
\BOOKMARK [2][-]{subsection.4.2.1}{\376\377\172\172\225\364\171\273\145\143\123\026}{section.4.2}% 70
\BOOKMARK [2][-]{subsection.4.2.2}{\376\377\145\366\225\364\171\273\145\143\123\026}{section.4.2}% 71
\BOOKMARK [1][-]{section.4.3}{\376\377\155\101\117\123\152\041\142\337}{chapter.4}% 72
\BOOKMARK [2][-]{subsection.4.3.1}{\376\377\155\101\117\123\166\204\127\372\147\054\140\047\215\050}{section.4.3}% 73
\BOOKMARK [2][-]{subsection.4.3.2}{\376\377\143\317\217\360\155\101\117\123\166\204\116\044\171\315\145\271\137\017}{section.4.3}% 74
\BOOKMARK [2][-]{subsection.4.3.3}{\376\377\121\111\156\321\174\222\133\120\155\101\117\123}{section.4.3}% 75
\BOOKMARK [2][-]{subsection.4.3.4}{\376\377\153\047\142\311\177\121\150\074\155\101\117\123}{section.4.3}% 76
